<?xml version="1.0" encoding="UTF-8"?>
<coverage generated="1768657778836" clover="3.2.0">
  <project timestamp="1768657778836" name="All files">
    <metrics statements="151" coveredstatements="120" conditionals="104" coveredconditionals="73" methods="48" coveredmethods="28" elements="303" coveredelements="221" complexity="0" loc="151" ncloc="151" packages="2" files="7" classes="7"/>
    <package name="src">
      <metrics statements="110" coveredstatements="89" conditionals="79" coveredconditionals="59" methods="32" coveredmethods="22"/>
      <file name="App.tsx" path="D:\cohort1\Performatives\prob-3\src\App.tsx">
        <metrics statements="43" coveredstatements="27" conditionals="16" coveredconditionals="9" methods="17" coveredmethods="8"/>
        <line num="1" count="1" type="stmt"/>
        <line num="2" count="1" type="stmt"/>
        <line num="4" count="1" type="stmt"/>
        <line num="5" count="1" type="stmt"/>
        <line num="6" count="1" type="stmt"/>
        <line num="7" count="1" type="stmt"/>
        <line num="8" count="1" type="stmt"/>
        <line num="11" count="1" type="stmt"/>
        <line num="13" count="1" type="stmt"/>
        <line num="15" count="5" type="stmt"/>
        <line num="24" count="5" type="stmt"/>
        <line num="25" count="5" type="stmt"/>
        <line num="26" count="5" type="stmt"/>
        <line num="27" count="5" type="stmt"/>
        <line num="30" count="5" type="stmt"/>
        <line num="32" count="5" type="stmt"/>
        <line num="34" count="2" type="stmt"/>
        <line num="37" count="2" type="stmt"/>
        <line num="38" count="2" type="cond" truecount="1" falsecount="1"/>
        <line num="39" count="0" type="stmt"/>
        <line num="40" count="0" type="stmt"/>
        <line num="41" count="0" type="stmt"/>
        <line num="44" count="2" type="stmt"/>
        <line num="47" count="5" type="stmt"/>
        <line num="48" count="0" type="stmt"/>
        <line num="49" count="0" type="stmt"/>
        <line num="50" count="0" type="cond" truecount="0" falsecount="2"/>
        <line num="51" count="0" type="stmt"/>
        <line num="53" count="0" type="stmt"/>
        <line num="54" count="0" type="stmt"/>
        <line num="58" count="5" type="stmt"/>
        <line num="60" count="5" type="stmt"/>
        <line num="66" count="0" type="stmt"/>
        <line num="79" count="0" type="stmt"/>
        <line num="95" count="1" type="stmt"/>
        <line num="103" count="0" type="stmt"/>
        <line num="114" count="0" type="stmt"/>
        <line num="120" count="0" type="stmt"/>
        <line num="138" count="12" type="stmt"/>
        <line num="144" count="165" type="stmt"/>
        <line num="149" count="0" type="stmt"/>
        <line num="162" count="0" type="stmt"/>
        <line num="183" count="1" type="stmt"/>
      </file>
      <file name="types.ts" path="D:\cohort1\Performatives\prob-3\src\types.ts">
        <metrics statements="7" coveredstatements="7" conditionals="2" coveredconditionals="2" methods="1" coveredmethods="1"/>
        <line num="1" count="2" type="cond" truecount="2" falsecount="0"/>
        <line num="2" count="2" type="stmt"/>
        <line num="3" count="2" type="stmt"/>
        <line num="4" count="2" type="stmt"/>
        <line num="5" count="2" type="stmt"/>
        <line num="6" count="2" type="stmt"/>
        <line num="7" count="2" type="stmt"/>
      </file>
      <file name="useJobDiscovery.ts" path="D:\cohort1\Performatives\prob-3\src\useJobDiscovery.ts">
        <metrics statements="60" coveredstatements="55" conditionals="61" coveredconditionals="48" methods="14" coveredmethods="13"/>
        <line num="1" count="2" type="stmt"/>
        <line num="2" count="2" type="stmt"/>
        <line num="17" count="15" type="stmt"/>
        <line num="19" count="15" type="stmt"/>
        <line num="20" count="13" type="stmt"/>
        <line num="21" count="2" type="stmt"/>
        <line num="24" count="13" type="stmt"/>
        <line num="25" count="13" type="stmt"/>
        <line num="29" count="15" type="stmt"/>
        <line num="32" count="2" type="cond" truecount="1" falsecount="0"/>
        <line num="33" count="15" type="stmt"/>
        <line num="35" count="15" type="stmt"/>
        <line num="36" count="12" type="stmt"/>
        <line num="38" count="140" type="cond" truecount="2" falsecount="0"/>
        <line num="39" count="6" type="stmt"/>
        <line num="40" count="6" type="stmt"/>
        <line num="41" count="6" type="stmt"/>
        <line num="42" count="6" type="cond" truecount="4" falsecount="0"/>
        <line num="46" count="136" type="cond" truecount="3" falsecount="1"/>
        <line num="47" count="0" type="stmt"/>
        <line num="53" count="136" type="cond" truecount="4" falsecount="0"/>
        <line num="54" count="2" type="stmt"/>
        <line num="58" count="134" type="cond" truecount="2" falsecount="0"/>
        <line num="59" count="2" type="stmt"/>
        <line num="63" count="132" type="cond" truecount="2" falsecount="0"/>
        <line num="64" count="8" type="stmt"/>
        <line num="65" count="6" type="cond" truecount="2" falsecount="0"/>
        <line num="69" count="129" type="cond" truecount="1" falsecount="1"/>
        <line num="70" count="0" type="stmt"/>
        <line num="71" count="0" type="cond" truecount="0" falsecount="2"/>
        <line num="72" count="0" type="stmt"/>
        <line num="76" count="129" type="stmt"/>
        <line num="80" count="15" type="stmt"/>
        <line num="83" count="12" type="stmt"/>
        <line num="85" count="12" type="stmt"/>
        <line num="86" count="509" type="cond" truecount="4" falsecount="0"/>
        <line num="89" count="4" type="stmt"/>
        <line num="91" count="2" type="stmt"/>
        <line num="94" count="503" type="stmt"/>
        <line num="98" count="12" type="stmt"/>
        <line num="101" count="15" type="stmt"/>
        <line num="104" count="2" type="stmt"/>
        <line num="105" count="5" type="stmt"/>
        <line num="107" count="2" type="cond" truecount="1" falsecount="1"/>
        <line num="109" count="2" type="stmt"/>
        <line num="111" count="2" type="stmt"/>
        <line num="119" count="0" type="cond" truecount="2" falsecount="0"/>
        <line num="125" count="5" type="stmt"/>
        <line num="126" count="3" type="cond" truecount="1" falsecount="1"/>
        <line num="128" count="3" type="stmt"/>
        <line num="129" count="3" type="cond" truecount="2" falsecount="0"/>
        <line num="130" count="3" type="cond" truecount="1" falsecount="1"/>
        <line num="131" count="3" type="cond" truecount="1" falsecount="1"/>
        <line num="132" count="3" type="cond" truecount="1" falsecount="1"/>
        <line num="133" count="3" type="cond" truecount="1" falsecount="1"/>
        <line num="134" count="3" type="cond" truecount="1" falsecount="1"/>
        <line num="135" count="3" type="cond" truecount="1" falsecount="1"/>
        <line num="137" count="3" type="stmt"/>
        <line num="138" count="3" type="stmt"/>
        <line num="141" count="5" type="stmt"/>
      </file>
    </package>
    <package name="src.components">
      <metrics statements="41" coveredstatements="31" conditionals="25" coveredconditionals="14" methods="16" coveredmethods="6"/>
      <file name="FilterPanel.tsx" path="D:\cohort1\Performatives\prob-3\src\components\FilterPanel.tsx">
        <metrics statements="22" coveredstatements="12" conditionals="5" coveredconditionals="2" methods="12" coveredmethods="2"/>
        <line num="1" count="1" type="stmt"/>
        <line num="3" count="1" type="stmt"/>
        <line num="4" count="1" type="stmt"/>
        <line num="14" count="1" type="cond" truecount="1" falsecount="0"/>
        <line num="15" count="5" type="stmt"/>
        <line num="16" count="5" type="stmt"/>
        <line num="19" count="5" type="stmt"/>
        <line num="20" count="0" type="stmt"/>
        <line num="26" count="5" type="stmt"/>
        <line num="27" count="0" type="stmt"/>
        <line num="28" count="0" type="stmt"/>
        <line num="29" count="0" type="stmt"/>
        <line num="30" count="0" type="stmt"/>
        <line num="32" count="0" type="cond" truecount="0" falsecount="2"/>
        <line num="38" count="5" type="stmt"/>
        <line num="50" count="0" type="stmt"/>
        <line num="58" count="0" type="stmt"/>
        <line num="72" count="0" type="stmt"/>
        <line num="86" count="30" type="stmt"/>
        <line num="90" count="0" type="stmt"/>
        <line num="101" count="5" type="stmt"/>
        <line num="121" count="1" type="stmt"/>
      </file>
      <file name="JobCard.tsx" path="D:\cohort1\Performatives\prob-3\src\components\JobCard.tsx">
        <metrics statements="7" coveredstatements="7" conditionals="14" coveredconditionals="8" methods="2" coveredmethods="2"/>
        <line num="3" count="1" type="stmt"/>
        <line num="4" count="1" type="stmt"/>
        <line num="13" count="1" type="stmt"/>
        <line num="16" count="165" type="cond" truecount="1" falsecount="1"/>
        <line num="20" count="165" type="stmt"/>
        <line num="65" count="495" type="stmt"/>
        <line num="81" count="1" type="stmt"/>
      </file>
      <file name="JobCardSkeleton.tsx" path="D:\cohort1\Performatives\prob-3\src\components\JobCardSkeleton.tsx">
        <metrics statements="3" coveredstatements="3" conditionals="0" coveredconditionals="0" methods="1" coveredmethods="1"/>
        <line num="3" count="1" type="stmt"/>
        <line num="4" count="12" type="stmt"/>
        <line num="42" count="1" type="stmt"/>
      </file>
      <file name="MatchRing.tsx" path="D:\cohort1\Performatives\prob-3\src\components\MatchRing.tsx">
        <metrics statements="9" coveredstatements="9" conditionals="6" coveredconditionals="4" methods="1" coveredmethods="1"/>
        <line num="9" count="1" type="cond" truecount="1" falsecount="1"/>
        <line num="10" count="165" type="stmt"/>
        <line num="11" count="165" type="stmt"/>
        <line num="12" count="165" type="stmt"/>
        <line num="14" count="165" type="stmt"/>
        <line num="15" count="165" type="cond" truecount="1" falsecount="1"/>
        <line num="16" count="165" type="cond" truecount="2" falsecount="0"/>
        <line num="18" count="165" type="stmt"/>
        <line num="50" count="1" type="stmt"/>
      </file>
    </package>
  </project>
</coverage>
