{"D:\\cohort1\\Performatives\\prob-3\\src\\App.tsx": {"path":"D:\\cohort1\\Performatives\\prob-3\\src\\App.tsx","statementMap":{"0":{"start":{"line":1,"column":0},"end":{"line":1,"column":51}},"1":{"start":{"line":2,"column":0},"end":{"line":2,"column":91}},"2":{"start":{"line":4,"column":0},"end":{"line":4,"column":43}},"3":{"start":{"line":5,"column":0},"end":{"line":5,"column":59}},"4":{"start":{"line":6,"column":0},"end":{"line":6,"column":51}},"5":{"start":{"line":7,"column":0},"end":{"line":7,"column":73}},"6":{"start":{"line":8,"column":0},"end":{"line":8,"column":35}},"7":{"start":{"line":11,"column":16},"end":{"line":11,"column":44}},"8":{"start":{"line":13,"column":22},"end":{"line":181,"column":1}},"9":{"start":{"line":15,"column":34},"end":{"line":22,"column":6}},"10":{"start":{"line":24,"column":40},"end":{"line":24,"column":74}},"11":{"start":{"line":25,"column":36},"end":{"line":25,"column":69}},"12":{"start":{"line":26,"column":56},"end":{"line":26,"column":71}},"13":{"start":{"line":27,"column":38},"end":{"line":27,"column":52}},"14":{"start":{"line":30,"column":42},"end":{"line":30,"column":74}},"15":{"start":{"line":32,"column":4},"end":{"line":45,"column":11}},"16":{"start":{"line":34,"column":22},"end":{"line":34,"column":64}},"17":{"start":{"line":34,"column":39},"end":{"line":34,"column":58}},"18":{"start":{"line":37,"column":22},"end":{"line":37,"column":55}},"19":{"start":{"line":38,"column":8},"end":{"line":42,"column":9}},"20":{"start":{"line":39,"column":12},"end":{"line":41,"column":75}},"21":{"start":{"line":40,"column":16},"end":{"line":40,"column":59}},"22":{"start":{"line":41,"column":26},"end":{"line":41,"column":73}},"23":{"start":{"line":44,"column":8},"end":{"line":44,"column":41}},"24":{"start":{"line":44,"column":21},"end":{"line":44,"column":40}},"25":{"start":{"line":47,"column":26},"end":{"line":56,"column":5}},"26":{"start":{"line":48,"column":8},"end":{"line":55,"column":11}},"27":{"start":{"line":49,"column":25},"end":{"line":49,"column":38}},"28":{"start":{"line":50,"column":12},"end":{"line":51,"column":30}},"29":{"start":{"line":50,"column":30},"end":{"line":50,"column":46}},"30":{"start":{"line":51,"column":17},"end":{"line":51,"column":30}},"31":{"start":{"line":53,"column":12},"end":{"line":53,"column":80}},"32":{"start":{"line":54,"column":12},"end":{"line":54,"column":24}},"33":{"start":{"line":58,"column":25},"end":{"line":58,"column":70}},"34":{"start":{"line":60,"column":4},"end":{"line":180,"column":6}},"35":{"start":{"line":66,"column":35},"end":{"line":66,"column":62}},"36":{"start":{"line":79,"column":35},"end":{"line":79,"column":63}},"37":{"start":{"line":95,"column":49},"end":{"line":95,"column":110}},"38":{"start":{"line":95,"column":69},"end":{"line":95,"column":108}},"39":{"start":{"line":103,"column":49},"end":{"line":103,"column":92}},"40":{"start":{"line":114,"column":51},"end":{"line":114,"column":70}},"41":{"start":{"line":120,"column":51},"end":{"line":120,"column":70}},"42":{"start":{"line":138,"column":57},"end":{"line":138,"column":84}},"43":{"start":{"line":144,"column":36},"end":{"line":145,"column":null}},"44":{"start":{"line":149,"column":60},"end":{"line":149,"column":81}},"45":{"start":{"line":162,"column":51},"end":{"line":169,"column":38}},"46":{"start":{"line":183,"column":0},"end":{"line":183,"column":19}}},"fnMap":{"0":{"name":"(anonymous_1)","decl":{"start":{"line":13,"column":22},"end":{"line":13,"column":25}},"loc":{"start":{"line":13,"column":27},"end":{"line":181,"column":1}}},"1":{"name":"(anonymous_2)","decl":{"start":{"line":32,"column":14},"end":{"line":32,"column":17}},"loc":{"start":{"line":32,"column":19},"end":{"line":45,"column":5}}},"2":{"name":"(anonymous_3)","decl":{"start":{"line":34,"column":33},"end":{"line":34,"column":36}},"loc":{"start":{"line":34,"column":39},"end":{"line":34,"column":58}}},"3":{"name":"(anonymous_4)","decl":{"start":{"line":44,"column":15},"end":{"line":44,"column":18}},"loc":{"start":{"line":44,"column":21},"end":{"line":44,"column":40}}},"4":{"name":"(anonymous_5)","decl":{"start":{"line":47,"column":26},"end":{"line":47,"column":27}},"loc":{"start":{"line":47,"column":41},"end":{"line":56,"column":5}}},"5":{"name":"(anonymous_6)","decl":{"start":{"line":48,"column":23},"end":{"line":48,"column":27}},"loc":{"start":{"line":48,"column":30},"end":{"line":55,"column":9}}},"6":{"name":"(anonymous_7)","decl":{"start":{"line":66,"column":29},"end":{"line":66,"column":32}},"loc":{"start":{"line":66,"column":35},"end":{"line":66,"column":62}}},"7":{"name":"(anonymous_8)","decl":{"start":{"line":79,"column":29},"end":{"line":79,"column":32}},"loc":{"start":{"line":79,"column":35},"end":{"line":79,"column":63}}},"8":{"name":"(anonymous_9)","decl":{"start":{"line":95,"column":42},"end":{"line":95,"column":43}},"loc":{"start":{"line":95,"column":49},"end":{"line":95,"column":110}}},"9":{"name":"(anonymous_10)","decl":{"start":{"line":95,"column":60},"end":{"line":95,"column":64}},"loc":{"start":{"line":95,"column":69},"end":{"line":95,"column":108}}},"10":{"name":"(anonymous_11)","decl":{"start":{"line":103,"column":42},"end":{"line":103,"column":43}},"loc":{"start":{"line":103,"column":49},"end":{"line":103,"column":92}}},"11":{"name":"(anonymous_12)","decl":{"start":{"line":114,"column":45},"end":{"line":114,"column":48}},"loc":{"start":{"line":114,"column":51},"end":{"line":114,"column":70}}},"12":{"name":"(anonymous_13)","decl":{"start":{"line":120,"column":45},"end":{"line":120,"column":48}},"loc":{"start":{"line":120,"column":51},"end":{"line":120,"column":70}}},"13":{"name":"(anonymous_14)","decl":{"start":{"line":138,"column":47},"end":{"line":138,"column":48}},"loc":{"start":{"line":138,"column":57},"end":{"line":138,"column":84}}},"14":{"name":"(anonymous_15)","decl":{"start":{"line":143,"column":50},"end":{"line":143,"column":53}},"loc":{"start":{"line":144,"column":36},"end":{"line":145,"column":null}}},"15":{"name":"(anonymous_16)","decl":{"start":{"line":149,"column":54},"end":{"line":149,"column":57}},"loc":{"start":{"line":149,"column":60},"end":{"line":149,"column":81}}},"16":{"name":"(anonymous_17)","decl":{"start":{"line":162,"column":45},"end":{"line":162,"column":48}},"loc":{"start":{"line":162,"column":51},"end":{"line":169,"column":38}}}},"branchMap":{"0":{"loc":{"start":{"line":38,"column":8},"end":{"line":42,"column":9}},"type":"if","locations":[{"start":{"line":38,"column":8},"end":{"line":42,"column":9}},{"start":{},"end":{}}]},"1":{"loc":{"start":{"line":50,"column":12},"end":{"line":51,"column":30}},"type":"if","locations":[{"start":{"line":50,"column":12},"end":{"line":51,"column":30}},{"start":{"line":51,"column":17},"end":{"line":51,"column":30}}]},"2":{"loc":{"start":{"line":115,"column":85},"end":{"line":115,"column":179}},"type":"cond-expr","locations":[{"start":{"line":115,"column":107},"end":{"line":115,"column":141}},{"start":{"line":115,"column":144},"end":{"line":115,"column":179}}]},"3":{"loc":{"start":{"line":121,"column":85},"end":{"line":121,"column":179}},"type":"cond-expr","locations":[{"start":{"line":121,"column":107},"end":{"line":121,"column":141}},{"start":{"line":121,"column":144},"end":{"line":121,"column":179}}]},"4":{"loc":{"start":{"line":131,"column":25},"end":{"line":131,"column":102}},"type":"binary-expr","locations":[{"start":{"line":131,"column":25},"end":{"line":131,"column":35}},{"start":{"line":131,"column":39},"end":{"line":131,"column":102}}]},"5":{"loc":{"start":{"line":135,"column":21},"end":{"line":175,"column":null}},"type":"cond-expr","locations":[{"start":{"line":137,"column":24},"end":{"line":138,"column":null}},{"start":{"line":141,"column":24},"end":{"line":174,"column":null}}]},"6":{"loc":{"start":{"line":141,"column":24},"end":{"line":174,"column":null}},"type":"cond-expr","locations":[{"start":{"line":142,"column":28},"end":{"line":151,"column":null}},{"start":{"line":155,"column":28},"end":{"line":173,"column":null}}]},"7":{"loc":{"start":{"line":142,"column":58},"end":{"line":142,"column":154}},"type":"cond-expr","locations":[{"start":{"line":142,"column":80},"end":{"line":142,"column":138}},{"start":{"line":142,"column":141},"end":{"line":142,"column":154}}]}},"s":{"0":1,"1":1,"2":1,"3":1,"4":1,"5":1,"6":1,"7":1,"8":1,"9":5,"10":5,"11":5,"12":5,"13":5,"14":5,"15":5,"16":2,"17":2,"18":2,"19":2,"20":0,"21":0,"22":0,"23":2,"24":2,"25":5,"26":0,"27":0,"28":0,"29":0,"30":0,"31":0,"32":0,"33":5,"34":5,"35":0,"36":0,"37":1,"38":1,"39":0,"40":0,"41":0,"42":12,"43":165,"44":0,"45":0,"46":1},"f":{"0":5,"1":2,"2":2,"3":2,"4":0,"5":0,"6":0,"7":0,"8":1,"9":1,"10":0,"11":0,"12":0,"13":12,"14":165,"15":0,"16":0},"b":{"0":[0,2],"1":[0,0],"2":[5,0],"3":[0,5],"4":[5,3],"5":[2,3],"6":[3,0],"7":[3,0]}}
,"D:\\cohort1\\Performatives\\prob-3\\src\\types.ts": {"path":"D:\\cohort1\\Performatives\\prob-3\\src\\types.ts","statementMap":{"0":{"start":{"line":1,"column":0},"end":{"line":1,"column":null}},"1":{"start":{"line":2,"column":2},"end":{"line":2,"column":null}},"2":{"start":{"line":3,"column":2},"end":{"line":3,"column":null}},"3":{"start":{"line":4,"column":2},"end":{"line":4,"column":null}},"4":{"start":{"line":5,"column":2},"end":{"line":5,"column":null}},"5":{"start":{"line":6,"column":2},"end":{"line":6,"column":null}},"6":{"start":{"line":7,"column":2},"end":{"line":7,"column":null}}},"fnMap":{"0":{"name":"(anonymous_0)","decl":{"start":{"line":1,"column":0},"end":{"line":1,"column":12}},"loc":{"start":{"line":1,"column":19},"end":{"line":8,"column":1}}}},"branchMap":{"0":{"loc":{"start":{"line":1,"column":12},"end":{"line":1,"column":null}},"type":"binary-expr","locations":[{"start":{"line":1,"column":12},"end":{"line":1,"column":19}},{"start":{"line":1,"column":19},"end":{"line":1,"column":null}}]}},"s":{"0":2,"1":2,"2":2,"3":2,"4":2,"5":2,"6":2},"f":{"0":2},"b":{"0":[2,2]}}
,"D:\\cohort1\\Performatives\\prob-3\\src\\useJobDiscovery.ts": {"path":"D:\\cohort1\\Performatives\\prob-3\\src\\useJobDiscovery.ts","statementMap":{"0":{"start":{"line":32,"column":0},"end":{"line":32,"column":16}},"1":{"start":{"line":104,"column":0},"end":{"line":104,"column":16}},"2":{"start":{"line":1,"column":0},"end":{"line":1,"column":66}},"3":{"start":{"line":2,"column":0},"end":{"line":2,"column":52}},"4":{"start":{"line":17,"column":48},"end":{"line":17,"column":63}},"5":{"start":{"line":19,"column":4},"end":{"line":27,"column":23}},"6":{"start":{"line":20,"column":24},"end":{"line":22,"column":17}},"7":{"start":{"line":21,"column":12},"end":{"line":21,"column":37}},"8":{"start":{"line":24,"column":8},"end":{"line":26,"column":10}},"9":{"start":{"line":25,"column":12},"end":{"line":25,"column":34}},"10":{"start":{"line":29,"column":4},"end":{"line":29,"column":26}},"11":{"start":{"line":33,"column":32},"end":{"line":33,"column":68}},"12":{"start":{"line":35,"column":25},"end":{"line":78,"column":144}},"13":{"start":{"line":36,"column":8},"end":{"line":77,"column":11}},"14":{"start":{"line":38,"column":12},"end":{"line":43,"column":13}},"15":{"start":{"line":39,"column":29},"end":{"line":39,"column":62}},"16":{"start":{"line":40,"column":37},"end":{"line":40,"column":75}},"17":{"start":{"line":41,"column":39},"end":{"line":41,"column":79}},"18":{"start":{"line":42,"column":16},"end":{"line":42,"column":67}},"19":{"start":{"line":42,"column":54},"end":{"line":42,"column":67}},"20":{"start":{"line":46,"column":12},"end":{"line":48,"column":13}},"21":{"start":{"line":47,"column":16},"end":{"line":47,"column":29}},"22":{"start":{"line":53,"column":12},"end":{"line":55,"column":13}},"23":{"start":{"line":54,"column":16},"end":{"line":54,"column":29}},"24":{"start":{"line":58,"column":12},"end":{"line":60,"column":13}},"25":{"start":{"line":59,"column":16},"end":{"line":59,"column":29}},"26":{"start":{"line":63,"column":12},"end":{"line":66,"column":13}},"27":{"start":{"line":64,"column":37},"end":{"line":64,"column":102}},"28":{"start":{"line":64,"column":75},"end":{"line":64,"column":101}},"29":{"start":{"line":65,"column":16},"end":{"line":65,"column":48}},"30":{"start":{"line":65,"column":35},"end":{"line":65,"column":48}},"31":{"start":{"line":69,"column":12},"end":{"line":74,"column":13}},"32":{"start":{"line":70,"column":32},"end":{"line":70,"column":54}},"33":{"start":{"line":71,"column":16},"end":{"line":73,"column":17}},"34":{"start":{"line":72,"column":20},"end":{"line":72,"column":33}},"35":{"start":{"line":76,"column":12},"end":{"line":76,"column":24}},"36":{"start":{"line":80,"column":23},"end":{"line":99,"column":34}},"37":{"start":{"line":83,"column":23},"end":{"line":83,"column":40}},"38":{"start":{"line":85,"column":8},"end":{"line":96,"column":11}},"39":{"start":{"line":86,"column":12},"end":{"line":95,"column":13}},"40":{"start":{"line":89,"column":20},"end":{"line":89,"column":55}},"41":{"start":{"line":91,"column":20},"end":{"line":91,"column":91}},"42":{"start":{"line":94,"column":20},"end":{"line":94,"column":55}},"43":{"start":{"line":98,"column":8},"end":{"line":98,"column":22}},"44":{"start":{"line":101,"column":4},"end":{"line":101,"column":22}},"45":{"start":{"line":105,"column":34},"end":{"line":122,"column":6}},"46":{"start":{"line":107,"column":8},"end":{"line":107,"column":65}},"47":{"start":{"line":107,"column":43},"end":{"line":107,"column":65}},"48":{"start":{"line":109,"column":23},"end":{"line":109,"column":66}},"49":{"start":{"line":111,"column":8},"end":{"line":121,"column":10}},"50":{"start":{"line":119,"column":65},"end":{"line":119,"column":110}},"51":{"start":{"line":125,"column":4},"end":{"line":139,"column":18}},"52":{"start":{"line":126,"column":8},"end":{"line":126,"column":50}},"53":{"start":{"line":126,"column":43},"end":{"line":126,"column":50}},"54":{"start":{"line":128,"column":23},"end":{"line":128,"column":44}},"55":{"start":{"line":129,"column":8},"end":{"line":129,"column":68}},"56":{"start":{"line":129,"column":32},"end":{"line":129,"column":68}},"57":{"start":{"line":130,"column":8},"end":{"line":130,"column":101}},"58":{"start":{"line":130,"column":41},"end":{"line":130,"column":101}},"59":{"start":{"line":131,"column":8},"end":{"line":131,"column":106}},"60":{"start":{"line":131,"column":46},"end":{"line":131,"column":106}},"61":{"start":{"line":132,"column":8},"end":{"line":132,"column":95}},"62":{"start":{"line":132,"column":41},"end":{"line":132,"column":95}},"63":{"start":{"line":133,"column":8},"end":{"line":133,"column":102}},"64":{"start":{"line":133,"column":47},"end":{"line":133,"column":102}},"65":{"start":{"line":134,"column":8},"end":{"line":134,"column":88}},"66":{"start":{"line":134,"column":41},"end":{"line":134,"column":88}},"67":{"start":{"line":135,"column":8},"end":{"line":135,"column":94}},"68":{"start":{"line":135,"column":33},"end":{"line":135,"column":94}},"69":{"start":{"line":137,"column":23},"end":{"line":137,"column":73}},"70":{"start":{"line":138,"column":8},"end":{"line":138,"column":54}},"71":{"start":{"line":141,"column":4},"end":{"line":141,"column":33}}},"fnMap":{"0":{"name":"useDebounce","decl":{"start":{"line":16,"column":9},"end":{"line":16,"column":20}},"loc":{"start":{"line":16,"column":47},"end":{"line":30,"column":1}}},"1":{"name":"(anonymous_1)","decl":{"start":{"line":19,"column":14},"end":{"line":19,"column":17}},"loc":{"start":{"line":19,"column":19},"end":{"line":27,"column":5}}},"2":{"name":"(anonymous_2)","decl":{"start":{"line":20,"column":35},"end":{"line":20,"column":38}},"loc":{"start":{"line":20,"column":40},"end":{"line":22,"column":9}}},"3":{"name":"(anonymous_3)","decl":{"start":{"line":24,"column":15},"end":{"line":24,"column":18}},"loc":{"start":{"line":24,"column":20},"end":{"line":26,"column":9}}},"4":{"name":"useJobDiscovery","decl":{"start":{"line":32,"column":16},"end":{"line":32,"column":31}},"loc":{"start":{"line":32,"column":103},"end":{"line":102,"column":1}}},"5":{"name":"(anonymous_5)","decl":{"start":{"line":35,"column":33},"end":{"line":35,"column":36}},"loc":{"start":{"line":35,"column":38},"end":{"line":78,"column":5}}},"6":{"name":"(anonymous_6)","decl":{"start":{"line":36,"column":27},"end":{"line":36,"column":30}},"loc":{"start":{"line":36,"column":33},"end":{"line":77,"column":9}}},"7":{"name":"(anonymous_7)","decl":{"start":{"line":64,"column":66},"end":{"line":64,"column":71}},"loc":{"start":{"line":64,"column":75},"end":{"line":64,"column":101}}},"8":{"name":"(anonymous_8)","decl":{"start":{"line":80,"column":31},"end":{"line":80,"column":34}},"loc":{"start":{"line":80,"column":36},"end":{"line":99,"column":5}}},"9":{"name":"(anonymous_9)","decl":{"start":{"line":85,"column":20},"end":{"line":85,"column":21}},"loc":{"start":{"line":85,"column":29},"end":{"line":96,"column":9}}},"10":{"name":"useUrlFilters","decl":{"start":{"line":104,"column":16},"end":{"line":104,"column":29}},"loc":{"start":{"line":104,"column":56},"end":{"line":142,"column":1}}},"11":{"name":"(anonymous_11)","decl":{"start":{"line":105,"column":55},"end":{"line":105,"column":58}},"loc":{"start":{"line":105,"column":60},"end":{"line":122,"column":5}}},"12":{"name":"(anonymous_12)","decl":{"start":{"line":119,"column":60},"end":{"line":119,"column":61}},"loc":{"start":{"line":119,"column":65},"end":{"line":119,"column":110}}},"13":{"name":"(anonymous_13)","decl":{"start":{"line":125,"column":14},"end":{"line":125,"column":17}},"loc":{"start":{"line":125,"column":19},"end":{"line":139,"column":5}}}},"branchMap":{"0":{"loc":{"start":{"line":32,"column":66},"end":{"line":32,"column":103}},"type":"default-arg","locations":[{"start":{"line":32,"column":91},"end":{"line":32,"column":103}}]},"1":{"loc":{"start":{"line":38,"column":12},"end":{"line":43,"column":13}},"type":"if","locations":[{"start":{"line":38,"column":12},"end":{"line":43,"column":13}},{"start":{},"end":{}}]},"2":{"loc":{"start":{"line":42,"column":16},"end":{"line":42,"column":67}},"type":"if","locations":[{"start":{"line":42,"column":16},"end":{"line":42,"column":67}},{"start":{},"end":{}}]},"3":{"loc":{"start":{"line":42,"column":20},"end":{"line":42,"column":52}},"type":"binary-expr","locations":[{"start":{"line":42,"column":20},"end":{"line":42,"column":33}},{"start":{"line":42,"column":37},"end":{"line":42,"column":52}}]},"4":{"loc":{"start":{"line":46,"column":12},"end":{"line":48,"column":13}},"type":"if","locations":[{"start":{"line":46,"column":12},"end":{"line":48,"column":13}},{"start":{},"end":{}}]},"5":{"loc":{"start":{"line":46,"column":16},"end":{"line":46,"column":83}},"type":"binary-expr","locations":[{"start":{"line":46,"column":16},"end":{"line":46,"column":43}},{"start":{"line":46,"column":47},"end":{"line":46,"column":83}}]},"6":{"loc":{"start":{"line":53,"column":12},"end":{"line":55,"column":13}},"type":"if","locations":[{"start":{"line":53,"column":12},"end":{"line":55,"column":13}},{"start":{},"end":{}}]},"7":{"loc":{"start":{"line":53,"column":16},"end":{"line":53,"column":100}},"type":"binary-expr","locations":[{"start":{"line":53,"column":16},"end":{"line":53,"column":56}},{"start":{"line":53,"column":60},"end":{"line":53,"column":100}}]},"8":{"loc":{"start":{"line":58,"column":12},"end":{"line":60,"column":13}},"type":"if","locations":[{"start":{"line":58,"column":12},"end":{"line":60,"column":13}},{"start":{},"end":{}}]},"9":{"loc":{"start":{"line":63,"column":12},"end":{"line":66,"column":13}},"type":"if","locations":[{"start":{"line":63,"column":12},"end":{"line":66,"column":13}},{"start":{},"end":{}}]},"10":{"loc":{"start":{"line":65,"column":16},"end":{"line":65,"column":48}},"type":"if","locations":[{"start":{"line":65,"column":16},"end":{"line":65,"column":48}},{"start":{},"end":{}}]},"11":{"loc":{"start":{"line":69,"column":12},"end":{"line":74,"column":13}},"type":"if","locations":[{"start":{"line":69,"column":12},"end":{"line":74,"column":13}},{"start":{},"end":{}}]},"12":{"loc":{"start":{"line":71,"column":16},"end":{"line":73,"column":17}},"type":"if","locations":[{"start":{"line":71,"column":16},"end":{"line":73,"column":17}},{"start":{},"end":{}}]},"13":{"loc":{"start":{"line":86,"column":12},"end":{"line":95,"column":13}},"type":"switch","locations":[{"start":{"line":87,"column":16},"end":{"line":89,"column":55}},{"start":{"line":90,"column":16},"end":{"line":91,"column":91}},{"start":{"line":92,"column":16},"end":{"line":92,"column":34}},{"start":{"line":93,"column":16},"end":{"line":94,"column":55}}]},"14":{"loc":{"start":{"line":107,"column":8},"end":{"line":107,"column":65}},"type":"if","locations":[{"start":{"line":107,"column":8},"end":{"line":107,"column":65}},{"start":{},"end":{}}]},"15":{"loc":{"start":{"line":112,"column":24},"end":{"line":112,"column":68}},"type":"binary-expr","locations":[{"start":{"line":112,"column":24},"end":{"line":112,"column":39}},{"start":{"line":112,"column":43},"end":{"line":112,"column":68}}]},"16":{"loc":{"start":{"line":114,"column":21},"end":{"line":114,"column":86}},"type":"binary-expr","locations":[{"start":{"line":114,"column":21},"end":{"line":114,"column":52}},{"start":{"line":114,"column":56},"end":{"line":114,"column":86}}]},"17":{"loc":{"start":{"line":115,"column":21},"end":{"line":115,"column":86}},"type":"binary-expr","locations":[{"start":{"line":115,"column":21},"end":{"line":115,"column":52}},{"start":{"line":115,"column":56},"end":{"line":115,"column":86}}]},"18":{"loc":{"start":{"line":117,"column":29},"end":{"line":117,"column":88}},"type":"binary-expr","locations":[{"start":{"line":117,"column":29},"end":{"line":117,"column":54}},{"start":{"line":117,"column":58},"end":{"line":117,"column":88}}]},"19":{"loc":{"start":{"line":118,"column":28},"end":{"line":118,"column":109}},"type":"binary-expr","locations":[{"start":{"line":118,"column":28},"end":{"line":118,"column":76}},{"start":{"line":118,"column":80},"end":{"line":118,"column":109}}]},"20":{"loc":{"start":{"line":119,"column":22},"end":{"line":119,"column":151}},"type":"binary-expr","locations":[{"start":{"line":119,"column":22},"end":{"line":119,"column":124}},{"start":{"line":119,"column":128},"end":{"line":119,"column":151}}]},"21":{"loc":{"start":{"line":120,"column":25},"end":{"line":120,"column":118}},"type":"cond-expr","locations":[{"start":{"line":120,"column":53},"end":{"line":120,"column":89}},{"start":{"line":120,"column":92},"end":{"line":120,"column":118}}]},"22":{"loc":{"start":{"line":126,"column":8},"end":{"line":126,"column":50}},"type":"if","locations":[{"start":{"line":126,"column":8},"end":{"line":126,"column":50}},{"start":{},"end":{}}]},"23":{"loc":{"start":{"line":129,"column":8},"end":{"line":129,"column":68}},"type":"if","locations":[{"start":{"line":129,"column":8},"end":{"line":129,"column":68}},{"start":{},"end":{}}]},"24":{"loc":{"start":{"line":130,"column":8},"end":{"line":130,"column":101}},"type":"if","locations":[{"start":{"line":130,"column":8},"end":{"line":130,"column":101}},{"start":{},"end":{}}]},"25":{"loc":{"start":{"line":131,"column":8},"end":{"line":131,"column":106}},"type":"if","locations":[{"start":{"line":131,"column":8},"end":{"line":131,"column":106}},{"start":{},"end":{}}]},"26":{"loc":{"start":{"line":132,"column":8},"end":{"line":132,"column":95}},"type":"if","locations":[{"start":{"line":132,"column":8},"end":{"line":132,"column":95}},{"start":{},"end":{}}]},"27":{"loc":{"start":{"line":133,"column":8},"end":{"line":133,"column":102}},"type":"if","locations":[{"start":{"line":133,"column":8},"end":{"line":133,"column":102}},{"start":{},"end":{}}]},"28":{"loc":{"start":{"line":134,"column":8},"end":{"line":134,"column":88}},"type":"if","locations":[{"start":{"line":134,"column":8},"end":{"line":134,"column":88}},{"start":{},"end":{}}]},"29":{"loc":{"start":{"line":135,"column":8},"end":{"line":135,"column":94}},"type":"if","locations":[{"start":{"line":135,"column":8},"end":{"line":135,"column":94}},{"start":{},"end":{}}]}},"s":{"0":2,"1":2,"2":2,"3":2,"4":15,"5":15,"6":13,"7":2,"8":13,"9":13,"10":15,"11":15,"12":15,"13":12,"14":140,"15":6,"16":6,"17":6,"18":6,"19":4,"20":136,"21":0,"22":136,"23":2,"24":134,"25":2,"26":132,"27":6,"28":8,"29":6,"30":3,"31":129,"32":0,"33":0,"34":0,"35":129,"36":15,"37":12,"38":12,"39":509,"40":4,"41":2,"42":503,"43":12,"44":15,"45":5,"46":2,"47":0,"48":2,"49":2,"50":0,"51":5,"52":3,"53":0,"54":3,"55":3,"56":1,"57":3,"58":0,"59":3,"60":0,"61":3,"62":0,"63":3,"64":0,"65":3,"66":0,"67":3,"68":0,"69":3,"70":3,"71":5},"f":{"0":15,"1":13,"2":2,"3":13,"4":15,"5":12,"6":140,"7":8,"8":12,"9":509,"10":5,"11":2,"12":0,"13":3},"b":{"0":[8],"1":[6,134],"2":[4,2],"3":[6,4],"4":[0,136],"5":[136,1],"6":[2,134],"7":[136,134],"8":[2,132],"9":[6,126],"10":[3,3],"11":[0,129],"12":[0,0],"13":[4,2,503,503],"14":[0,2],"15":[2,2],"16":[2,2],"17":[2,2],"18":[2,2],"19":[2,2],"20":[2,2],"21":[0,2],"22":[0,3],"23":[1,2],"24":[0,3],"25":[0,3],"26":[0,3],"27":[0,3],"28":[0,3],"29":[0,3]}}
,"D:\\cohort1\\Performatives\\prob-3\\src\\components\\FilterPanel.tsx": {"path":"D:\\cohort1\\Performatives\\prob-3\\src\\components\\FilterPanel.tsx","statementMap":{"0":{"start":{"line":1,"column":0},"end":{"line":1,"column":40}},"1":{"start":{"line":3,"column":0},"end":{"line":3,"column":35}},"2":{"start":{"line":4,"column":0},"end":{"line":4,"column":55}},"3":{"start":{"line":14,"column":48},"end":{"line":119,"column":1}},"4":{"start":{"line":15,"column":38},"end":{"line":15,"column":71}},"5":{"start":{"line":16,"column":38},"end":{"line":16,"column":71}},"6":{"start":{"line":19,"column":31},"end":{"line":24,"column":5}},"7":{"start":{"line":20,"column":8},"end":{"line":23,"column":12}},"8":{"start":{"line":20,"column":28},"end":{"line":23,"column":10}},"9":{"start":{"line":26,"column":26},"end":{"line":35,"column":5}},"10":{"start":{"line":27,"column":8},"end":{"line":34,"column":11}},"11":{"start":{"line":28,"column":28},"end":{"line":28,"column":41}},"12":{"start":{"line":29,"column":27},"end":{"line":29,"column":49}},"13":{"start":{"line":30,"column":12},"end":{"line":33,"column":14}},"14":{"start":{"line":32,"column":55},"end":{"line":32,"column":65}},"15":{"start":{"line":38,"column":8},"end":{"line":97,"column":null}},"16":{"start":{"line":50,"column":41},"end":{"line":50,"column":77}},"17":{"start":{"line":58,"column":41},"end":{"line":58,"column":77}},"18":{"start":{"line":72,"column":37},"end":{"line":72,"column":111}},"19":{"start":{"line":72,"column":57},"end":{"line":72,"column":109}},"20":{"start":{"line":86,"column":24},"end":{"line":86,"column":42}},"21":{"start":{"line":90,"column":48},"end":{"line":90,"column":67}},"22":{"start":{"line":101,"column":4},"end":{"line":118,"column":6}},"23":{"start":{"line":121,"column":0},"end":{"line":121,"column":27}}},"fnMap":{"0":{"name":"(anonymous_0)","decl":{"start":{"line":14,"column":48},"end":{"line":14,"column":49}},"loc":{"start":{"line":14,"column":109},"end":{"line":119,"column":1}}},"1":{"name":"(anonymous_1)","decl":{"start":{"line":19,"column":31},"end":{"line":19,"column":34}},"loc":{"start":{"line":19,"column":36},"end":{"line":24,"column":5}}},"2":{"name":"(anonymous_2)","decl":{"start":{"line":20,"column":19},"end":{"line":20,"column":23}},"loc":{"start":{"line":20,"column":28},"end":{"line":23,"column":10}}},"3":{"name":"(anonymous_3)","decl":{"start":{"line":26,"column":26},"end":{"line":26,"column":27}},"loc":{"start":{"line":26,"column":44},"end":{"line":35,"column":5}}},"4":{"name":"(anonymous_4)","decl":{"start":{"line":27,"column":19},"end":{"line":27,"column":23}},"loc":{"start":{"line":27,"column":26},"end":{"line":34,"column":9}}},"5":{"name":"(anonymous_5)","decl":{"start":{"line":32,"column":50},"end":{"line":32,"column":51}},"loc":{"start":{"line":32,"column":55},"end":{"line":32,"column":65}}},"6":{"name":"(anonymous_6)","decl":{"start":{"line":50,"column":34},"end":{"line":50,"column":35}},"loc":{"start":{"line":50,"column":41},"end":{"line":50,"column":77}}},"7":{"name":"(anonymous_7)","decl":{"start":{"line":58,"column":34},"end":{"line":58,"column":35}},"loc":{"start":{"line":58,"column":41},"end":{"line":58,"column":77}}},"8":{"name":"(anonymous_8)","decl":{"start":{"line":72,"column":30},"end":{"line":72,"column":31}},"loc":{"start":{"line":72,"column":37},"end":{"line":72,"column":111}}},"9":{"name":"(anonymous_9)","decl":{"start":{"line":72,"column":48},"end":{"line":72,"column":52}},"loc":{"start":{"line":72,"column":57},"end":{"line":72,"column":109}}},"10":{"name":"(anonymous_10)","decl":{"start":{"line":85,"column":135},"end":{"line":85,"column":139}},"loc":{"start":{"line":86,"column":24},"end":{"line":86,"column":42}}},"11":{"name":"(anonymous_11)","decl":{"start":{"line":90,"column":42},"end":{"line":90,"column":45}},"loc":{"start":{"line":90,"column":48},"end":{"line":90,"column":67}}}},"branchMap":{"0":{"loc":{"start":{"line":14,"column":72},"end":{"line":14,"column":86}},"type":"default-arg","locations":[{"start":{"line":14,"column":84},"end":{"line":14,"column":86}}]},"1":{"loc":{"start":{"line":32,"column":26},"end":{"line":32,"column":87}},"type":"cond-expr","locations":[{"start":{"line":32,"column":35},"end":{"line":32,"column":66}},{"start":{"line":32,"column":69},"end":{"line":32,"column":87}}]},"2":{"loc":{"start":{"line":109,"column":13},"end":{"line":115,"column":null}},"type":"binary-expr","locations":[{"start":{"line":109,"column":13},"end":{"line":109,"column":19}},{"start":{"line":110,"column":16},"end":{"line":114,"column":null}}]}},"s":{"0":1,"1":1,"2":1,"3":1,"4":5,"5":5,"6":5,"7":0,"8":0,"9":5,"10":0,"11":0,"12":0,"13":0,"14":0,"15":5,"16":0,"17":0,"18":0,"19":0,"20":30,"21":0,"22":5,"23":1},"f":{"0":5,"1":0,"2":0,"3":0,"4":0,"5":0,"6":0,"7":0,"8":0,"9":0,"10":30,"11":0},"b":{"0":[5],"1":[0,0],"2":[5,0]}}
,"D:\\cohort1\\Performatives\\prob-3\\src\\components\\JobCard.tsx": {"path":"D:\\cohort1\\Performatives\\prob-3\\src\\components\\JobCard.tsx","statementMap":{"0":{"start":{"line":3,"column":0},"end":{"line":3,"column":36}},"1":{"start":{"line":4,"column":0},"end":{"line":4,"column":75}},"2":{"start":{"line":13,"column":40},"end":{"line":79,"column":1}},"3":{"start":{"line":16,"column":27},"end":{"line":18,"column":135}},"4":{"start":{"line":20,"column":4},"end":{"line":78,"column":6}},"5":{"start":{"line":65,"column":24},"end":{"line":65,"column":42}},"6":{"start":{"line":81,"column":0},"end":{"line":81,"column":23}}},"fnMap":{"0":{"name":"(anonymous_1)","decl":{"start":{"line":13,"column":40},"end":{"line":13,"column":41}},"loc":{"start":{"line":13,"column":85},"end":{"line":79,"column":1}}},"1":{"name":"(anonymous_2)","decl":{"start":{"line":64,"column":48},"end":{"line":64,"column":53}},"loc":{"start":{"line":65,"column":24},"end":{"line":65,"column":42}}}},"branchMap":{"0":{"loc":{"start":{"line":16,"column":27},"end":{"line":18,"column":135}},"type":"cond-expr","locations":[{"start":{"line":17,"column":10},"end":{"line":17,"column":116}},{"start":{"line":18,"column":10},"end":{"line":18,"column":135}}]},"1":{"loc":{"start":{"line":23,"column":64},"end":{"line":23,"column":103}},"type":"cond-expr","locations":[{"start":{"line":23,"column":86},"end":{"line":23,"column":92}},{"start":{"line":23,"column":95},"end":{"line":23,"column":103}}]},"2":{"loc":{"start":{"line":42,"column":73},"end":{"line":42,"column":137}},"type":"cond-expr","locations":[{"start":{"line":42,"column":95},"end":{"line":42,"column":101}},{"start":{"line":42,"column":104},"end":{"line":42,"column":137}}]},"3":{"loc":{"start":{"line":62,"column":62},"end":{"line":62,"column":124}},"type":"cond-expr","locations":[{"start":{"line":62,"column":84},"end":{"line":62,"column":86}},{"start":{"line":62,"column":89},"end":{"line":62,"column":124}}]},"4":{"loc":{"start":{"line":67,"column":21},"end":{"line":67,"column":129}},"type":"binary-expr","locations":[{"start":{"line":67,"column":21},"end":{"line":67,"column":42}},{"start":{"line":67,"column":46},"end":{"line":67,"column":129}}]},"5":{"loc":{"start":{"line":72,"column":69},"end":{"line":72,"column":139}},"type":"cond-expr","locations":[{"start":{"line":72,"column":79},"end":{"line":72,"column":103}},{"start":{"line":72,"column":106},"end":{"line":72,"column":139}}]},"6":{"loc":{"start":{"line":74,"column":43},"end":{"line":74,"column":76}},"type":"cond-expr","locations":[{"start":{"line":74,"column":53},"end":{"line":74,"column":67}},{"start":{"line":74,"column":70},"end":{"line":74,"column":76}}]}},"s":{"0":1,"1":1,"2":1,"3":165,"4":165,"5":495,"6":1},"f":{"0":165,"1":495},"b":{"0":[165,0],"1":[165,0],"2":[165,0],"3":[165,0],"4":[165,147],"5":[0,165],"6":[0,165]}}
,"D:\\cohort1\\Performatives\\prob-3\\src\\components\\JobCardSkeleton.tsx": {"path":"D:\\cohort1\\Performatives\\prob-3\\src\\components\\JobCardSkeleton.tsx","statementMap":{"0":{"start":{"line":3,"column":34},"end":{"line":40,"column":1}},"1":{"start":{"line":4,"column":4},"end":{"line":39,"column":6}},"2":{"start":{"line":42,"column":0},"end":{"line":42,"column":31}}},"fnMap":{"0":{"name":"(anonymous_0)","decl":{"start":{"line":3,"column":34},"end":{"line":3,"column":37}},"loc":{"start":{"line":3,"column":39},"end":{"line":40,"column":1}}}},"branchMap":{},"s":{"0":1,"1":12,"2":1},"f":{"0":12},"b":{}}
,"D:\\cohort1\\Performatives\\prob-3\\src\\components\\MatchRing.tsx": {"path":"D:\\cohort1\\Performatives\\prob-3\\src\\components\\MatchRing.tsx","statementMap":{"0":{"start":{"line":9,"column":44},"end":{"line":48,"column":1}},"1":{"start":{"line":10,"column":19},"end":{"line":10,"column":43}},"2":{"start":{"line":11,"column":26},"end":{"line":11,"column":46}},"3":{"start":{"line":12,"column":19},"end":{"line":12,"column":64}},"4":{"start":{"line":14,"column":21},"end":{"line":14,"column":37}},"5":{"start":{"line":15,"column":4},"end":{"line":16,"column":56}},"6":{"start":{"line":15,"column":20},"end":{"line":15,"column":48}},"7":{"start":{"line":16,"column":9},"end":{"line":16,"column":56}},"8":{"start":{"line":16,"column":25},"end":{"line":16,"column":56}},"9":{"start":{"line":18,"column":4},"end":{"line":47,"column":6}},"10":{"start":{"line":50,"column":0},"end":{"line":50,"column":25}}},"fnMap":{"0":{"name":"(anonymous_0)","decl":{"start":{"line":9,"column":44},"end":{"line":9,"column":45}},"loc":{"start":{"line":9,"column":86},"end":{"line":48,"column":1}}}},"branchMap":{"0":{"loc":{"start":{"line":9,"column":54},"end":{"line":9,"column":63}},"type":"default-arg","locations":[{"start":{"line":9,"column":61},"end":{"line":9,"column":63}}]},"1":{"loc":{"start":{"line":9,"column":65},"end":{"line":9,"column":80}},"type":"default-arg","locations":[{"start":{"line":9,"column":79},"end":{"line":9,"column":80}}]},"2":{"loc":{"start":{"line":15,"column":4},"end":{"line":16,"column":56}},"type":"if","locations":[{"start":{"line":15,"column":4},"end":{"line":16,"column":56}},{"start":{"line":16,"column":9},"end":{"line":16,"column":56}}]},"3":{"loc":{"start":{"line":16,"column":9},"end":{"line":16,"column":56}},"type":"if","locations":[{"start":{"line":16,"column":9},"end":{"line":16,"column":56}},{"start":{},"end":{}}]}},"s":{"0":1,"1":165,"2":165,"3":165,"4":165,"5":165,"6":0,"7":165,"8":78,"9":165,"10":1},"f":{"0":165},"b":{"0":[0],"1":[165],"2":[0,165],"3":[78,87]}}
}
