TN:
SF:src\App.tsx
FN:13,(anonymous_1)
FN:32,(anonymous_2)
FN:34,(anonymous_3)
FN:44,(anonymous_4)
FN:47,(anonymous_5)
FN:48,(anonymous_6)
FN:66,(anonymous_7)
FN:79,(anonymous_8)
FN:95,(anonymous_9)
FN:95,(anonymous_10)
FN:103,(anonymous_11)
FN:114,(anonymous_12)
FN:120,(anonymous_13)
FN:138,(anonymous_14)
FN:143,(anonymous_15)
FN:149,(anonymous_16)
FN:162,(anonymous_17)
FNF:17
FNH:8
FNDA:5,(anonymous_1)
FNDA:2,(anonymous_2)
FNDA:2,(anonymous_3)
FNDA:2,(anonymous_4)
FNDA:0,(anonymous_5)
FNDA:0,(anonymous_6)
FNDA:0,(anonymous_7)
FNDA:0,(anonymous_8)
FNDA:1,(anonymous_9)
FNDA:1,(anonymous_10)
FNDA:0,(anonymous_11)
FNDA:0,(anonymous_12)
FNDA:0,(anonymous_13)
FNDA:12,(anonymous_14)
FNDA:165,(anonymous_15)
FNDA:0,(anonymous_16)
FNDA:0,(anonymous_17)
DA:1,1
DA:2,1
DA:4,1
DA:5,1
DA:6,1
DA:7,1
DA:8,1
DA:11,1
DA:13,1
DA:15,5
DA:24,5
DA:25,5
DA:26,5
DA:27,5
DA:30,5
DA:32,5
DA:34,2
DA:37,2
DA:38,2
DA:39,0
DA:40,0
DA:41,0
DA:44,2
DA:47,5
DA:48,0
DA:49,0
DA:50,0
DA:51,0
DA:53,0
DA:54,0
DA:58,5
DA:60,5
DA:66,0
DA:79,0
DA:95,1
DA:103,0
DA:114,0
DA:120,0
DA:138,12
DA:144,165
DA:149,0
DA:162,0
DA:183,1
LF:43
LH:27
BRDA:38,0,0,0
BRDA:38,0,1,2
BRDA:50,1,0,0
BRDA:50,1,1,0
BRDA:115,2,0,5
BRDA:115,2,1,0
BRDA:121,3,0,0
BRDA:121,3,1,5
BRDA:131,4,0,5
BRDA:131,4,1,3
BRDA:135,5,0,2
BRDA:135,5,1,3
BRDA:141,6,0,3
BRDA:141,6,1,0
BRDA:142,7,0,3
BRDA:142,7,1,0
BRF:16
BRH:9
end_of_record
TN:
SF:src\types.ts
FN:1,(anonymous_0)
FNF:1
FNH:1
FNDA:2,(anonymous_0)
DA:1,2
DA:2,2
DA:3,2
DA:4,2
DA:5,2
DA:6,2
DA:7,2
LF:7
LH:7
BRDA:1,0,0,2
BRDA:1,0,1,2
BRF:2
BRH:2
end_of_record
TN:
SF:src\useJobDiscovery.ts
FN:16,useDebounce
FN:19,(anonymous_1)
FN:20,(anonymous_2)
FN:24,(anonymous_3)
FN:32,useJobDiscovery
FN:35,(anonymous_5)
FN:36,(anonymous_6)
FN:64,(anonymous_7)
FN:80,(anonymous_8)
FN:85,(anonymous_9)
FN:104,useUrlFilters
FN:105,(anonymous_11)
FN:119,(anonymous_12)
FN:125,(anonymous_13)
FNF:14
FNH:13
FNDA:15,useDebounce
FNDA:13,(anonymous_1)
FNDA:2,(anonymous_2)
FNDA:13,(anonymous_3)
FNDA:15,useJobDiscovery
FNDA:12,(anonymous_5)
FNDA:140,(anonymous_6)
FNDA:8,(anonymous_7)
FNDA:12,(anonymous_8)
FNDA:509,(anonymous_9)
FNDA:5,useUrlFilters
FNDA:2,(anonymous_11)
FNDA:0,(anonymous_12)
FNDA:3,(anonymous_13)
DA:1,2
DA:2,2
DA:17,15
DA:19,15
DA:20,13
DA:21,2
DA:24,13
DA:25,13
DA:29,15
DA:32,2
DA:33,15
DA:35,15
DA:36,12
DA:38,140
DA:39,6
DA:40,6
DA:41,6
DA:42,6
DA:46,136
DA:47,0
DA:53,136
DA:54,2
DA:58,134
DA:59,2
DA:63,132
DA:64,8
DA:65,6
DA:69,129
DA:70,0
DA:71,0
DA:72,0
DA:76,129
DA:80,15
DA:83,12
DA:85,12
DA:86,509
DA:89,4
DA:91,2
DA:94,503
DA:98,12
DA:101,15
DA:104,2
DA:105,5
DA:107,2
DA:109,2
DA:111,2
DA:119,0
DA:125,5
DA:126,3
DA:128,3
DA:129,3
DA:130,3
DA:131,3
DA:132,3
DA:133,3
DA:134,3
DA:135,3
DA:137,3
DA:138,3
DA:141,5
LF:60
LH:55
BRDA:32,0,0,8
BRDA:38,1,0,6
BRDA:38,1,1,134
BRDA:42,2,0,4
BRDA:42,2,1,2
BRDA:42,3,0,6
BRDA:42,3,1,4
BRDA:46,4,0,0
BRDA:46,4,1,136
BRDA:46,5,0,136
BRDA:46,5,1,1
BRDA:53,6,0,2
BRDA:53,6,1,134
BRDA:53,7,0,136
BRDA:53,7,1,134
BRDA:58,8,0,2
BRDA:58,8,1,132
BRDA:63,9,0,6
BRDA:63,9,1,126
BRDA:65,10,0,3
BRDA:65,10,1,3
BRDA:69,11,0,0
BRDA:69,11,1,129
BRDA:71,12,0,0
BRDA:71,12,1,0
BRDA:86,13,0,4
BRDA:86,13,1,2
BRDA:86,13,2,503
BRDA:86,13,3,503
BRDA:107,14,0,0
BRDA:107,14,1,2
BRDA:112,15,0,2
BRDA:112,15,1,2
BRDA:114,16,0,2
BRDA:114,16,1,2
BRDA:115,17,0,2
BRDA:115,17,1,2
BRDA:117,18,0,2
BRDA:117,18,1,2
BRDA:118,19,0,2
BRDA:118,19,1,2
BRDA:119,20,0,2
BRDA:119,20,1,2
BRDA:120,21,0,0
BRDA:120,21,1,2
BRDA:126,22,0,0
BRDA:126,22,1,3
BRDA:129,23,0,1
BRDA:129,23,1,2
BRDA:130,24,0,0
BRDA:130,24,1,3
BRDA:131,25,0,0
BRDA:131,25,1,3
BRDA:132,26,0,0
BRDA:132,26,1,3
BRDA:133,27,0,0
BRDA:133,27,1,3
BRDA:134,28,0,0
BRDA:134,28,1,3
BRDA:135,29,0,0
BRDA:135,29,1,3
BRF:61
BRH:48
end_of_record
TN:
SF:src\components\FilterPanel.tsx
FN:14,(anonymous_0)
FN:19,(anonymous_1)
FN:20,(anonymous_2)
FN:26,(anonymous_3)
FN:27,(anonymous_4)
FN:32,(anonymous_5)
FN:50,(anonymous_6)
FN:58,(anonymous_7)
FN:72,(anonymous_8)
FN:72,(anonymous_9)
FN:85,(anonymous_10)
FN:90,(anonymous_11)
FNF:12
FNH:2
FNDA:5,(anonymous_0)
FNDA:0,(anonymous_1)
FNDA:0,(anonymous_2)
FNDA:0,(anonymous_3)
FNDA:0,(anonymous_4)
FNDA:0,(anonymous_5)
FNDA:0,(anonymous_6)
FNDA:0,(anonymous_7)
FNDA:0,(anonymous_8)
FNDA:0,(anonymous_9)
FNDA:30,(anonymous_10)
FNDA:0,(anonymous_11)
DA:1,1
DA:3,1
DA:4,1
DA:14,1
DA:15,5
DA:16,5
DA:19,5
DA:20,0
DA:26,5
DA:27,0
DA:28,0
DA:29,0
DA:30,0
DA:32,0
DA:38,5
DA:50,0
DA:58,0
DA:72,0
DA:86,30
DA:90,0
DA:101,5
DA:121,1
LF:22
LH:12
BRDA:14,0,0,5
BRDA:32,1,0,0
BRDA:32,1,1,0
BRDA:109,2,0,5
BRDA:109,2,1,0
BRF:5
BRH:2
end_of_record
TN:
SF:src\components\JobCard.tsx
FN:13,(anonymous_1)
FN:64,(anonymous_2)
FNF:2
FNH:2
FNDA:165,(anonymous_1)
FNDA:495,(anonymous_2)
DA:3,1
DA:4,1
DA:13,1
DA:16,165
DA:20,165
DA:65,495
DA:81,1
LF:7
LH:7
BRDA:16,0,0,165
BRDA:16,0,1,0
BRDA:23,1,0,165
BRDA:23,1,1,0
BRDA:42,2,0,165
BRDA:42,2,1,0
BRDA:62,3,0,165
BRDA:62,3,1,0
BRDA:67,4,0,165
BRDA:67,4,1,147
BRDA:72,5,0,0
BRDA:72,5,1,165
BRDA:74,6,0,0
BRDA:74,6,1,165
BRF:14
BRH:8
end_of_record
TN:
SF:src\components\JobCardSkeleton.tsx
FN:3,(anonymous_0)
FNF:1
FNH:1
FNDA:12,(anonymous_0)
DA:3,1
DA:4,12
DA:42,1
LF:3
LH:3
BRF:0
BRH:0
end_of_record
TN:
SF:src\components\MatchRing.tsx
FN:9,(anonymous_0)
FNF:1
FNH:1
FNDA:165,(anonymous_0)
DA:9,1
DA:10,165
DA:11,165
DA:12,165
DA:14,165
DA:15,165
DA:16,165
DA:18,165
DA:50,1
LF:9
LH:9
BRDA:9,0,0,0
BRDA:9,1,0,165
BRDA:15,2,0,0
BRDA:15,2,1,165
BRDA:16,3,0,78
BRDA:16,3,1,87
BRF:6
BRH:4
end_of_record
